<?xml version="1.0" encoding="UTF-8"?>
<testsuite xmlns:xsi="http://www.w3.org/2001/XMLSchema-instance" xsi:noNamespaceSchemaLocation="https://maven.apache.org/surefire/maven-surefire-plugin/xsd/surefire-test-report-3.0.xsd" version="3.0" name="com.voxstream.frontend.VoxStreamApplicationTest" time="0.014" tests="4" errors="0" skipped="0" failures="0">
  <properties>
    <property name="java.specification.version" value="17"/>
    <property name="javafx.runtime.version" value="21.0.4+1"/>
    <property name="sun.jnu.encoding" value="UTF-8"/>
    <property name="java.class.path" value="/Users/davidstafford/git/vox-stream/voxstream-frontend/target/test-classes:/Users/davidstafford/git/vox-stream/voxstream-frontend/target/classes:/Users/davidstafford/git/vox-stream/voxstream-core/target/classes:/Users/davidstafford/.m2/repository/org/springframework/boot/spring-boot/3.1.5/spring-boot-3.1.5.jar:/Users/davidstafford/.m2/repository/org/springframework/spring-context/6.0.13/spring-context-6.0.13.jar:/Users/davidstafford/.m2/repository/org/springframework/spring-aop/6.0.13/spring-aop-6.0.13.jar:/Users/davidstafford/.m2/repository/org/springframework/spring-beans/6.0.13/spring-beans-6.0.13.jar:/Users/davidstafford/.m2/repository/org/springframework/spring-expression/6.0.13/spring-expression-6.0.13.jar:/Users/davidstafford/.m2/repository/org/springframework/spring-jdbc/6.0.13/spring-jdbc-6.0.13.jar:/Users/davidstafford/.m2/repository/org/springframework/spring-tx/6.0.13/spring-tx-6.0.13.jar:/Users/davidstafford/.m2/repository/com/h2database/h2/2.2.224/h2-2.2.224.jar:/Users/davidstafford/.m2/repository/org/flywaydb/flyway-core/9.16.3/flyway-core-9.16.3.jar:/Users/davidstafford/.m2/repository/com/fasterxml/jackson/dataformat/jackson-dataformat-toml/2.15.3/jackson-dataformat-toml-2.15.3.jar:/Users/davidstafford/.m2/repository/org/apache/commons/commons-text/1.10.0/commons-text-1.10.0.jar:/Users/davidstafford/.m2/repository/com/fasterxml/jackson/core/jackson-databind/2.15.3/jackson-databind-2.15.3.jar:/Users/davidstafford/.m2/repository/com/fasterxml/jackson/core/jackson-annotations/2.15.3/jackson-annotations-2.15.3.jar:/Users/davidstafford/.m2/repository/com/fasterxml/jackson/core/jackson-core/2.15.3/jackson-core-2.15.3.jar:/Users/davidstafford/.m2/repository/com/fasterxml/jackson/datatype/jackson-datatype-jsr310/2.15.3/jackson-datatype-jsr310-2.15.3.jar:/Users/davidstafford/.m2/repository/org/apache/commons/commons-lang3/3.13.0/commons-lang3-3.13.0.jar:/Users/davidstafford/git/vox-stream/voxstream-platform-api/target/classes:/Users/davidstafford/.m2/repository/org/java-websocket/Java-WebSocket/1.5.4/Java-WebSocket-1.5.4.jar:/Users/davidstafford/.m2/repository/com/squareup/okhttp3/okhttp/4.12.0/okhttp-4.12.0.jar:/Users/davidstafford/.m2/repository/com/squareup/okio/okio/3.6.0/okio-3.6.0.jar:/Users/davidstafford/.m2/repository/com/squareup/okio/okio-jvm/3.6.0/okio-jvm-3.6.0.jar:/Users/davidstafford/.m2/repository/org/jetbrains/kotlin/kotlin-stdlib-common/1.8.22/kotlin-stdlib-common-1.8.22.jar:/Users/davidstafford/.m2/repository/org/jetbrains/kotlin/kotlin-stdlib-jdk8/1.8.22/kotlin-stdlib-jdk8-1.8.22.jar:/Users/davidstafford/.m2/repository/org/jetbrains/kotlin/kotlin-stdlib/1.8.22/kotlin-stdlib-1.8.22.jar:/Users/davidstafford/.m2/repository/org/jetbrains/annotations/13.0/annotations-13.0.jar:/Users/davidstafford/.m2/repository/org/jetbrains/kotlin/kotlin-stdlib-jdk7/1.8.22/kotlin-stdlib-jdk7-1.8.22.jar:/Users/davidstafford/.m2/repository/org/openjfx/javafx-controls/21.0.4/javafx-controls-21.0.4.jar:/Users/davidstafford/.m2/repository/org/openjfx/javafx-controls/21.0.4/javafx-controls-21.0.4-mac.jar:/Users/davidstafford/.m2/repository/org/openjfx/javafx-graphics/21.0.4/javafx-graphics-21.0.4.jar:/Users/davidstafford/.m2/repository/org/openjfx/javafx-graphics/21.0.4/javafx-graphics-21.0.4-mac.jar:/Users/davidstafford/.m2/repository/org/openjfx/javafx-base/21.0.4/javafx-base-21.0.4.jar:/Users/davidstafford/.m2/repository/org/openjfx/javafx-base/21.0.4/javafx-base-21.0.4-mac.jar:/Users/davidstafford/.m2/repository/org/openjfx/javafx-fxml/21.0.4/javafx-fxml-21.0.4.jar:/Users/davidstafford/.m2/repository/org/openjfx/javafx-fxml/21.0.4/javafx-fxml-21.0.4-mac.jar:/Users/davidstafford/.m2/repository/org/openjfx/javafx-web/21.0.4/javafx-web-21.0.4.jar:/Users/davidstafford/.m2/repository/org/openjfx/javafx-web/21.0.4/javafx-web-21.0.4-mac.jar:/Users/davidstafford/.m2/repository/org/openjfx/javafx-media/21.0.4/javafx-media-21.0.4.jar:/Users/davidstafford/.m2/repository/org/openjfx/javafx-media/21.0.4/javafx-media-21.0.4-mac.jar:/Users/davidstafford/.m2/repository/org/springframework/boot/spring-boot-starter/3.1.5/spring-boot-starter-3.1.5.jar:/Users/davidstafford/.m2/repository/org/springframework/boot/spring-boot-autoconfigure/3.1.5/spring-boot-autoconfigure-3.1.5.jar:/Users/davidstafford/.m2/repository/jakarta/annotation/jakarta.annotation-api/2.1.1/jakarta.annotation-api-2.1.1.jar:/Users/davidstafford/.m2/repository/org/springframework/spring-core/6.0.13/spring-core-6.0.13.jar:/Users/davidstafford/.m2/repository/org/springframework/spring-jcl/6.0.13/spring-jcl-6.0.13.jar:/Users/davidstafford/.m2/repository/org/yaml/snakeyaml/1.33/snakeyaml-1.33.jar:/Users/davidstafford/.m2/repository/org/slf4j/slf4j-api/2.0.9/slf4j-api-2.0.9.jar:/Users/davidstafford/.m2/repository/ch/qos/logback/logback-classic/1.4.11/logback-classic-1.4.11.jar:/Users/davidstafford/.m2/repository/ch/qos/logback/logback-core/1.4.11/logback-core-1.4.11.jar:/Users/davidstafford/.m2/repository/org/springframework/boot/spring-boot-starter-test/3.1.5/spring-boot-starter-test-3.1.5.jar:/Users/davidstafford/.m2/repository/org/springframework/boot/spring-boot-test/3.1.5/spring-boot-test-3.1.5.jar:/Users/davidstafford/.m2/repository/org/springframework/boot/spring-boot-test-autoconfigure/3.1.5/spring-boot-test-autoconfigure-3.1.5.jar:/Users/davidstafford/.m2/repository/com/jayway/jsonpath/json-path/2.8.0/json-path-2.8.0.jar:/Users/davidstafford/.m2/repository/jakarta/xml/bind/jakarta.xml.bind-api/4.0.1/jakarta.xml.bind-api-4.0.1.jar:/Users/davidstafford/.m2/repository/jakarta/activation/jakarta.activation-api/2.1.2/jakarta.activation-api-2.1.2.jar:/Users/davidstafford/.m2/repository/net/minidev/json-smart/2.4.11/json-smart-2.4.11.jar:/Users/davidstafford/.m2/repository/net/minidev/accessors-smart/2.4.11/accessors-smart-2.4.11.jar:/Users/davidstafford/.m2/repository/org/ow2/asm/asm/9.3/asm-9.3.jar:/Users/davidstafford/.m2/repository/org/assertj/assertj-core/3.24.2/assertj-core-3.24.2.jar:/Users/davidstafford/.m2/repository/net/bytebuddy/byte-buddy/1.14.9/byte-buddy-1.14.9.jar:/Users/davidstafford/.m2/repository/org/hamcrest/hamcrest/2.2/hamcrest-2.2.jar:/Users/davidstafford/.m2/repository/org/mockito/mockito-core/5.6.0/mockito-core-5.6.0.jar:/Users/davidstafford/.m2/repository/net/bytebuddy/byte-buddy-agent/1.14.9/byte-buddy-agent-1.14.9.jar:/Users/davidstafford/.m2/repository/org/objenesis/objenesis/3.3/objenesis-3.3.jar:/Users/davidstafford/.m2/repository/org/mockito/mockito-junit-jupiter/5.6.0/mockito-junit-jupiter-5.6.0.jar:/Users/davidstafford/.m2/repository/org/skyscreamer/jsonassert/1.5.1/jsonassert-1.5.1.jar:/Users/davidstafford/.m2/repository/com/vaadin/external/google/android-json/0.0.20131108.vaadin1/android-json-0.0.20131108.vaadin1.jar:/Users/davidstafford/.m2/repository/org/springframework/spring-test/6.0.13/spring-test-6.0.13.jar:/Users/davidstafford/.m2/repository/org/xmlunit/xmlunit-core/2.9.1/xmlunit-core-2.9.1.jar:/Users/davidstafford/.m2/repository/org/junit/jupiter/junit-jupiter/5.10.0/junit-jupiter-5.10.0.jar:/Users/davidstafford/.m2/repository/org/junit/jupiter/junit-jupiter-api/5.9.3/junit-jupiter-api-5.9.3.jar:/Users/davidstafford/.m2/repository/org/opentest4j/opentest4j/1.2.0/opentest4j-1.2.0.jar:/Users/davidstafford/.m2/repository/org/junit/platform/junit-platform-commons/1.9.3/junit-platform-commons-1.9.3.jar:/Users/davidstafford/.m2/repository/org/apiguardian/apiguardian-api/1.1.2/apiguardian-api-1.1.2.jar:/Users/davidstafford/.m2/repository/org/junit/jupiter/junit-jupiter-params/5.9.3/junit-jupiter-params-5.9.3.jar:/Users/davidstafford/.m2/repository/org/junit/jupiter/junit-jupiter-engine/5.9.3/junit-jupiter-engine-5.9.3.jar:/Users/davidstafford/.m2/repository/org/junit/platform/junit-platform-engine/1.9.3/junit-platform-engine-1.9.3.jar:/Users/davidstafford/.m2/repository/org/testfx/testfx-junit5/4.0.18/testfx-junit5-4.0.18.jar:/Users/davidstafford/.m2/repository/org/testfx/testfx-core/4.0.18/testfx-core-4.0.18.jar:/Users/davidstafford/.m2/repository/org/osgi/org.osgi.core/6.0.0/org.osgi.core-6.0.0.jar:"/>
    <property name="java.vm.vendor" value="Homebrew"/>
    <property name="sun.arch.data.model" value="64"/>
    <property name="java.vendor.url" value="https://github.com/Homebrew/homebrew-core/issues"/>
    <property name="user.timezone" value="Europe/London"/>
    <property name="javafx.version" value="21.0.4"/>
    <property name="os.name" value="Mac OS X"/>
    <property name="java.vm.specification.version" value="17"/>
    <property name="sun.java.launcher" value="SUN_STANDARD"/>
    <property name="user.country" value="GB"/>
    <property name="sun.boot.library.path" value="/usr/local/Cellar/openjdk@17/17.0.15/libexec/openjdk.jdk/Contents/Home/lib"/>
    <property name="sun.java.command" value="/Users/davidstafford/git/vox-stream/voxstream-frontend/target/surefire/surefirebooter-20250815223022081_10.jar /Users/davidstafford/git/vox-stream/voxstream-frontend/target/surefire 2025-08-15T22-29-55_869-jvmRun1 surefire-20250815223022081_8tmp surefire_2-20250815223022081_9tmp"/>
    <property name="http.nonProxyHosts" value="local|*.local|169.254/16|*.169.254/16"/>
    <property name="jdk.debug" value="release"/>
    <property name="surefire.test.class.path" value="/Users/davidstafford/git/vox-stream/voxstream-frontend/target/test-classes:/Users/davidstafford/git/vox-stream/voxstream-frontend/target/classes:/Users/davidstafford/git/vox-stream/voxstream-core/target/classes:/Users/davidstafford/.m2/repository/org/springframework/boot/spring-boot/3.1.5/spring-boot-3.1.5.jar:/Users/davidstafford/.m2/repository/org/springframework/spring-context/6.0.13/spring-context-6.0.13.jar:/Users/davidstafford/.m2/repository/org/springframework/spring-aop/6.0.13/spring-aop-6.0.13.jar:/Users/davidstafford/.m2/repository/org/springframework/spring-beans/6.0.13/spring-beans-6.0.13.jar:/Users/davidstafford/.m2/repository/org/springframework/spring-expression/6.0.13/spring-expression-6.0.13.jar:/Users/davidstafford/.m2/repository/org/springframework/spring-jdbc/6.0.13/spring-jdbc-6.0.13.jar:/Users/davidstafford/.m2/repository/org/springframework/spring-tx/6.0.13/spring-tx-6.0.13.jar:/Users/davidstafford/.m2/repository/com/h2database/h2/2.2.224/h2-2.2.224.jar:/Users/davidstafford/.m2/repository/org/flywaydb/flyway-core/9.16.3/flyway-core-9.16.3.jar:/Users/davidstafford/.m2/repository/com/fasterxml/jackson/dataformat/jackson-dataformat-toml/2.15.3/jackson-dataformat-toml-2.15.3.jar:/Users/davidstafford/.m2/repository/org/apache/commons/commons-text/1.10.0/commons-text-1.10.0.jar:/Users/davidstafford/.m2/repository/com/fasterxml/jackson/core/jackson-databind/2.15.3/jackson-databind-2.15.3.jar:/Users/davidstafford/.m2/repository/com/fasterxml/jackson/core/jackson-annotations/2.15.3/jackson-annotations-2.15.3.jar:/Users/davidstafford/.m2/repository/com/fasterxml/jackson/core/jackson-core/2.15.3/jackson-core-2.15.3.jar:/Users/davidstafford/.m2/repository/com/fasterxml/jackson/datatype/jackson-datatype-jsr310/2.15.3/jackson-datatype-jsr310-2.15.3.jar:/Users/davidstafford/.m2/repository/org/apache/commons/commons-lang3/3.13.0/commons-lang3-3.13.0.jar:/Users/davidstafford/git/vox-stream/voxstream-platform-api/target/classes:/Users/davidstafford/.m2/repository/org/java-websocket/Java-WebSocket/1.5.4/Java-WebSocket-1.5.4.jar:/Users/davidstafford/.m2/repository/com/squareup/okhttp3/okhttp/4.12.0/okhttp-4.12.0.jar:/Users/davidstafford/.m2/repository/com/squareup/okio/okio/3.6.0/okio-3.6.0.jar:/Users/davidstafford/.m2/repository/com/squareup/okio/okio-jvm/3.6.0/okio-jvm-3.6.0.jar:/Users/davidstafford/.m2/repository/org/jetbrains/kotlin/kotlin-stdlib-common/1.8.22/kotlin-stdlib-common-1.8.22.jar:/Users/davidstafford/.m2/repository/org/jetbrains/kotlin/kotlin-stdlib-jdk8/1.8.22/kotlin-stdlib-jdk8-1.8.22.jar:/Users/davidstafford/.m2/repository/org/jetbrains/kotlin/kotlin-stdlib/1.8.22/kotlin-stdlib-1.8.22.jar:/Users/davidstafford/.m2/repository/org/jetbrains/annotations/13.0/annotations-13.0.jar:/Users/davidstafford/.m2/repository/org/jetbrains/kotlin/kotlin-stdlib-jdk7/1.8.22/kotlin-stdlib-jdk7-1.8.22.jar:/Users/davidstafford/.m2/repository/org/openjfx/javafx-controls/21.0.4/javafx-controls-21.0.4.jar:/Users/davidstafford/.m2/repository/org/openjfx/javafx-controls/21.0.4/javafx-controls-21.0.4-mac.jar:/Users/davidstafford/.m2/repository/org/openjfx/javafx-graphics/21.0.4/javafx-graphics-21.0.4.jar:/Users/davidstafford/.m2/repository/org/openjfx/javafx-graphics/21.0.4/javafx-graphics-21.0.4-mac.jar:/Users/davidstafford/.m2/repository/org/openjfx/javafx-base/21.0.4/javafx-base-21.0.4.jar:/Users/davidstafford/.m2/repository/org/openjfx/javafx-base/21.0.4/javafx-base-21.0.4-mac.jar:/Users/davidstafford/.m2/repository/org/openjfx/javafx-fxml/21.0.4/javafx-fxml-21.0.4.jar:/Users/davidstafford/.m2/repository/org/openjfx/javafx-fxml/21.0.4/javafx-fxml-21.0.4-mac.jar:/Users/davidstafford/.m2/repository/org/openjfx/javafx-web/21.0.4/javafx-web-21.0.4.jar:/Users/davidstafford/.m2/repository/org/openjfx/javafx-web/21.0.4/javafx-web-21.0.4-mac.jar:/Users/davidstafford/.m2/repository/org/openjfx/javafx-media/21.0.4/javafx-media-21.0.4.jar:/Users/davidstafford/.m2/repository/org/openjfx/javafx-media/21.0.4/javafx-media-21.0.4-mac.jar:/Users/davidstafford/.m2/repository/org/springframework/boot/spring-boot-starter/3.1.5/spring-boot-starter-3.1.5.jar:/Users/davidstafford/.m2/repository/org/springframework/boot/spring-boot-autoconfigure/3.1.5/spring-boot-autoconfigure-3.1.5.jar:/Users/davidstafford/.m2/repository/jakarta/annotation/jakarta.annotation-api/2.1.1/jakarta.annotation-api-2.1.1.jar:/Users/davidstafford/.m2/repository/org/springframework/spring-core/6.0.13/spring-core-6.0.13.jar:/Users/davidstafford/.m2/repository/org/springframework/spring-jcl/6.0.13/spring-jcl-6.0.13.jar:/Users/davidstafford/.m2/repository/org/yaml/snakeyaml/1.33/snakeyaml-1.33.jar:/Users/davidstafford/.m2/repository/org/slf4j/slf4j-api/2.0.9/slf4j-api-2.0.9.jar:/Users/davidstafford/.m2/repository/ch/qos/logback/logback-classic/1.4.11/logback-classic-1.4.11.jar:/Users/davidstafford/.m2/repository/ch/qos/logback/logback-core/1.4.11/logback-core-1.4.11.jar:/Users/davidstafford/.m2/repository/org/springframework/boot/spring-boot-starter-test/3.1.5/spring-boot-starter-test-3.1.5.jar:/Users/davidstafford/.m2/repository/org/springframework/boot/spring-boot-test/3.1.5/spring-boot-test-3.1.5.jar:/Users/davidstafford/.m2/repository/org/springframework/boot/spring-boot-test-autoconfigure/3.1.5/spring-boot-test-autoconfigure-3.1.5.jar:/Users/davidstafford/.m2/repository/com/jayway/jsonpath/json-path/2.8.0/json-path-2.8.0.jar:/Users/davidstafford/.m2/repository/jakarta/xml/bind/jakarta.xml.bind-api/4.0.1/jakarta.xml.bind-api-4.0.1.jar:/Users/davidstafford/.m2/repository/jakarta/activation/jakarta.activation-api/2.1.2/jakarta.activation-api-2.1.2.jar:/Users/davidstafford/.m2/repository/net/minidev/json-smart/2.4.11/json-smart-2.4.11.jar:/Users/davidstafford/.m2/repository/net/minidev/accessors-smart/2.4.11/accessors-smart-2.4.11.jar:/Users/davidstafford/.m2/repository/org/ow2/asm/asm/9.3/asm-9.3.jar:/Users/davidstafford/.m2/repository/org/assertj/assertj-core/3.24.2/assertj-core-3.24.2.jar:/Users/davidstafford/.m2/repository/net/bytebuddy/byte-buddy/1.14.9/byte-buddy-1.14.9.jar:/Users/davidstafford/.m2/repository/org/hamcrest/hamcrest/2.2/hamcrest-2.2.jar:/Users/davidstafford/.m2/repository/org/mockito/mockito-core/5.6.0/mockito-core-5.6.0.jar:/Users/davidstafford/.m2/repository/net/bytebuddy/byte-buddy-agent/1.14.9/byte-buddy-agent-1.14.9.jar:/Users/davidstafford/.m2/repository/org/objenesis/objenesis/3.3/objenesis-3.3.jar:/Users/davidstafford/.m2/repository/org/mockito/mockito-junit-jupiter/5.6.0/mockito-junit-jupiter-5.6.0.jar:/Users/davidstafford/.m2/repository/org/skyscreamer/jsonassert/1.5.1/jsonassert-1.5.1.jar:/Users/davidstafford/.m2/repository/com/vaadin/external/google/android-json/0.0.20131108.vaadin1/android-json-0.0.20131108.vaadin1.jar:/Users/davidstafford/.m2/repository/org/springframework/spring-test/6.0.13/spring-test-6.0.13.jar:/Users/davidstafford/.m2/repository/org/xmlunit/xmlunit-core/2.9.1/xmlunit-core-2.9.1.jar:/Users/davidstafford/.m2/repository/org/junit/jupiter/junit-jupiter/5.10.0/junit-jupiter-5.10.0.jar:/Users/davidstafford/.m2/repository/org/junit/jupiter/junit-jupiter-api/5.9.3/junit-jupiter-api-5.9.3.jar:/Users/davidstafford/.m2/repository/org/opentest4j/opentest4j/1.2.0/opentest4j-1.2.0.jar:/Users/davidstafford/.m2/repository/org/junit/platform/junit-platform-commons/1.9.3/junit-platform-commons-1.9.3.jar:/Users/davidstafford/.m2/repository/org/apiguardian/apiguardian-api/1.1.2/apiguardian-api-1.1.2.jar:/Users/davidstafford/.m2/repository/org/junit/jupiter/junit-jupiter-params/5.9.3/junit-jupiter-params-5.9.3.jar:/Users/davidstafford/.m2/repository/org/junit/jupiter/junit-jupiter-engine/5.9.3/junit-jupiter-engine-5.9.3.jar:/Users/davidstafford/.m2/repository/org/junit/platform/junit-platform-engine/1.9.3/junit-platform-engine-1.9.3.jar:/Users/davidstafford/.m2/repository/org/testfx/testfx-junit5/4.0.18/testfx-junit5-4.0.18.jar:/Users/davidstafford/.m2/repository/org/testfx/testfx-core/4.0.18/testfx-core-4.0.18.jar:/Users/davidstafford/.m2/repository/org/osgi/org.osgi.core/6.0.0/org.osgi.core-6.0.0.jar:"/>
    <property name="sun.cpu.endian" value="little"/>
    <property name="user.home" value="/Users/davidstafford"/>
    <property name="user.language" value="en"/>
    <property name="java.specification.vendor" value="Oracle Corporation"/>
    <property name="java.version.date" value="2025-04-15"/>
    <property name="java.home" value="/usr/local/Cellar/openjdk@17/17.0.15/libexec/openjdk.jdk/Contents/Home"/>
    <property name="file.separator" value="/"/>
    <property name="basedir" value="/Users/davidstafford/git/vox-stream/voxstream-frontend"/>
    <property name="java.vm.compressedOopsMode" value="Zero based"/>
    <property name="line.separator" value="&#10;"/>
    <property name="java.vm.specification.vendor" value="Oracle Corporation"/>
    <property name="java.specification.name" value="Java Platform API Specification"/>
    <property name="surefire.real.class.path" value="/Users/davidstafford/git/vox-stream/voxstream-frontend/target/surefire/surefirebooter-20250815223022081_10.jar"/>
    <property name="sun.management.compiler" value="HotSpot 64-Bit Tiered Compilers"/>
    <property name="ftp.nonProxyHosts" value="local|*.local|169.254/16|*.169.254/16"/>
    <property name="java.runtime.version" value="17.0.15+0"/>
    <property name="user.name" value="davidstafford"/>
    <property name="path.separator" value=":"/>
    <property name="os.version" value="13.7.6"/>
    <property name="java.runtime.name" value="OpenJDK Runtime Environment"/>
    <property name="file.encoding" value="UTF-8"/>
    <property name="java.vm.name" value="OpenJDK 64-Bit Server VM"/>
    <property name="java.vendor.version" value="Homebrew"/>
    <property name="localRepository" value="/Users/davidstafford/.m2/repository"/>
    <property name="java.vendor.url.bug" value="https://github.com/Homebrew/homebrew-core/issues"/>
    <property name="java.io.tmpdir" value="/var/folders/y0/fk7d837504sc_0q36ndj9w4r0000gn/T/"/>
    <property name="java.version" value="17.0.15"/>
    <property name="user.dir" value="/Users/davidstafford/git/vox-stream/voxstream-frontend"/>
    <property name="os.arch" value="x86_64"/>
    <property name="java.vm.specification.name" value="Java Virtual Machine Specification"/>
    <property name="failIfNoTests" value="false"/>
    <property name="native.encoding" value="UTF-8"/>
    <property name="java.library.path" value="/Users/davidstafford/Library/Java/Extensions:/Library/Java/Extensions:/Network/Library/Java/Extensions:/System/Library/Java/Extensions:/usr/lib/java:."/>
    <property name="java.vm.info" value="mixed mode, sharing"/>
    <property name="java.vendor" value="Homebrew"/>
    <property name="java.vm.version" value="17.0.15+0"/>
    <property name="java.specification.maintenance.version" value="1"/>
    <property name="sun.io.unicode.encoding" value="UnicodeBig"/>
    <property name="socksNonProxyHosts" value="local|*.local|169.254/16|*.169.254/16"/>
    <property name="java.class.version" value="61.0"/>
  </properties>
  <testcase name="testApplicationHasMainMethod" classname="com.voxstream.frontend.VoxStreamApplicationTest" time="0.006"/>
  <testcase name="architecture64Bit" classname="com.voxstream.frontend.VoxStreamApplicationTest" time="0.002"/>
  <testcase name="testApplicationClassExists" classname="com.voxstream.frontend.VoxStreamApplicationTest" time="0.001"/>
  <testcase name="javaVersionCompatibility" classname="com.voxstream.frontend.VoxStreamApplicationTest" time="0.001"/>
</testsuite>